# JRE version: OpenJDK Runtime Environment (8.0_152-b01) (build 1.8.0_152-release-1343-b01)
# Java VM: OpenJDK 64-Bit Server VM (25.152-b01 mixed mode windows-amd64 compressed oops)
Heap:
 PSYoungGen      total 384000K, used 279266K [0x00000000e0000000, 0x00000000ff300000, 0x0000000100000000)
  eden space 300032K, 83% used [0x00000000e0000000,0x00000000ef346770,0x00000000f2500000)
  from space 83968K, 35% used [0x00000000f2500000,0x00000000f42723b0,0x00000000f7700000)
  to   space 79360K, 0% used [0x00000000fa580000,0x00000000fa580000,0x00000000ff300000)
 ParOldGen       total 291328K, used 215872K [0x00000000a0000000, 0x00000000b1c80000, 0x00000000e0000000)
  object space 291328K, 74% used [0x00000000a0000000,0x00000000ad2d0298,0x00000000b1c80000)
 Metaspace       used 79220K, capacity 82122K, committed 82304K, reserved 1120256K
  class space    used 10147K, capacity 10767K, committed 10880K, reserved 1048576K
GC Heap History (10 events):
Event: 202.780 GC heap before
{Heap before GC invocations=25 (full 4):
 PSYoungGen      total 306688K, used 248960K [0x00000000e0000000, 0x00000000f6d00000, 0x0000000100000000)
  eden space 248832K, 100% used [0x00000000e0000000,0x00000000ef300000,0x00000000ef300000)
  from space 57856K, 0% used [0x00000000f2c00000,0x00000000f2c20000,0x00000000f6480000)
  to   space 58368K, 0% used [0x00000000ef300000,0x00000000ef300000,0x00000000f2c00000)
 ParOldGen       total 291328K, used 164461K [0x00000000a0000000, 0x00000000b1c80000, 0x00000000e0000000)
  object space 291328K, 56% used [0x00000000a0000000,0x00000000aa09b6e8,0x00000000b1c80000)
 Metaspace       used 75897K, capacity 78652K, committed 78720K, reserved 1118208K
  class space    used 9964K, capacity 10578K, committed 10624K, reserved 1048576K
Event: 202.796 GC heap after
Heap after GC invocations=25 (full 4):
 PSYoungGen      total 307200K, used 8110K [0x00000000e0000000, 0x00000000fae80000, 0x0000000100000000)
  eden space 248832K, 0% used [0x00000000e0000000,0x00000000e0000000,0x00000000ef300000)
  from space 58368K, 13% used [0x00000000ef300000,0x00000000efaeba90,0x00000000f2c00000)
  to   space 56832K, 0% used [0x00000000f7700000,0x00000000f7700000,0x00000000fae80000)
 ParOldGen       total 291328K, used 164493K [0x00000000a0000000, 0x00000000b1c80000, 0x00000000e0000000)
  object space 291328K, 56% used [0x00000000a0000000,0x00000000aa0a36e8,0x00000000b1c80000)
 Metaspace       used 75897K, capacity 78652K, committed 78720K, reserved 1118208K
  class space    used 9964K, capacity 10578K, committed 10624K, reserved 1048576K
}
Event: 209.709 GC heap before
{Heap before GC invocations=26 (full 4):
 PSYoungGen      total 307200K, used 256942K [0x00000000e0000000, 0x00000000fae80000, 0x0000000100000000)
  eden space 248832K, 100% used [0x00000000e0000000,0x00000000ef300000,0x00000000ef300000)
  from space 58368K, 13% used [0x00000000ef300000,0x00000000efaeba90,0x00000000f2c00000)
  to   space 56832K, 0% used [0x00000000f7700000,0x00000000f7700000,0x00000000fae80000)
 ParOldGen       total 291328K, used 164493K [0x00000000a0000000, 0x00000000b1c80000, 0x00000000e0000000)
  object space 291328K, 56% used [0x00000000a0000000,0x00000000aa0a36e8,0x00000000b1c80000)
 Metaspace       used 76790K, capacity 79498K, committed 79872K, reserved 1118208K
  class space    used 10007K, capacity 10625K, committed 10752K, reserved 1048576K
Event: 209.903 GC heap after
Heap after GC invocations=26 (full 4):
 PSYoungGen      total 369664K, used 56820K [0x00000000e0000000, 0x00000000fc680000, 0x0000000100000000)
  eden space 312832K, 0% used [0x00000000e0000000,0x00000000e0000000,0x00000000f3180000)
  from space 56832K, 99% used [0x00000000f7700000,0x00000000fae7d180,0x00000000fae80000)
  to   space 71168K, 0% used [0x00000000f3180000,0x00000000f3180000,0x00000000f7700000)
 ParOldGen       total 291328K, used 175945K [0x00000000a0000000, 0x00000000b1c80000, 0x00000000e0000000)
  object space 291328K, 60% used [0x00000000a0000000,0x00000000aabd2560,0x00000000b1c80000)
 Metaspace       used 76790K, capacity 79498K, committed 79872K, reserved 1118208K
  class space    used 10007K, capacity 10625K, committed 10752K, reserved 1048576K
}
Event: 213.650 GC heap before
{Heap before GC invocations=27 (full 4):
 PSYoungGen      total 369664K, used 369597K [0x00000000e0000000, 0x00000000fc680000, 0x0000000100000000)
  eden space 312832K, 99% used [0x00000000e0000000,0x00000000f3172450,0x00000000f3180000)
  from space 56832K, 99% used [0x00000000f7700000,0x00000000fae7d180,0x00000000fae80000)
  to   space 71168K, 0% used [0x00000000f3180000,0x00000000f3180000,0x00000000f7700000)
 ParOldGen       total 291328K, used 175945K [0x00000000a0000000, 0x00000000b1c80000, 0x00000000e0000000)
  object space 291328K, 60% used [0x00000000a0000000,0x00000000aabd2560,0x00000000b1c80000)
 Metaspace       used 76844K, capacity 79626K, committed 79872K, reserved 1118208K
  class space    used 10007K, capacity 10625K, committed 10752K, reserved 1048576K
Event: 213.684 GC heap after
Heap after GC invocations=27 (full 4):
 PSYoungGen      total 384000K, used 10294K [0x00000000e0000000, 0x00000000fc680000, 0x0000000100000000)
  eden space 312832K, 0% used [0x00000000e0000000,0x00000000e0000000,0x00000000f3180000)
  from space 71168K, 14% used [0x00000000f3180000,0x00000000f3b8d910,0x00000000f7700000)
  to   space 56832K, 0% used [0x00000000f7700000,0x00000000f7700000,0x00000000fae80000)
 ParOldGen       total 291328K, used 182167K [0x00000000a0000000, 0x00000000b1c80000, 0x00000000e0000000)
  object space 291328K, 62% used [0x00000000a0000000,0x00000000ab1e5c28,0x00000000b1c80000)
 Metaspace       used 76844K, capacity 79626K, committed 79872K, reserved 1118208K
  class space    used 10007K, capacity 10625K, committed 10752K, reserved 1048576K
}
Event: 613.200 GC heap before
{Heap before GC invocations=28 (full 4):
 PSYoungGen      total 384000K, used 323126K [0x00000000e0000000, 0x00000000fc680000, 0x0000000100000000)
  eden space 312832K, 100% used [0x00000000e0000000,0x00000000f3180000,0x00000000f3180000)
  from space 71168K, 14% used [0x00000000f3180000,0x00000000f3b8d910,0x00000000f7700000)
  to   space 56832K, 0% used [0x00000000f7700000,0x00000000f7700000,0x00000000fae80000)
 ParOldGen       total 291328K, used 182167K [0x00000000a0000000, 0x00000000b1c80000, 0x00000000e0000000)
  object space 291328K, 62% used [0x00000000a0000000,0x00000000ab1e5c28,0x00000000b1c80000)
 Metaspace       used 77531K, capacity 80380K, committed 80640K, reserved 1120256K
  class space    used 10017K, capacity 10642K, committed 10752K, reserved 1048576K
Event: 613.373 GC heap after
Heap after GC invocations=28 (full 4):
 PSYoungGen      total 356864K, used 56811K [0x00000000e0000000, 0x0000000100000000, 0x0000000100000000)
  eden space 300032K, 0% used [0x00000000e0000000,0x00000000e0000000,0x00000000f2500000)
  from space 56832K, 99% used [0x00000000f7700000,0x00000000fae7af40,0x00000000fae80000)
  to   space 83968K, 0% used [0x00000000f2500000,0x00000000f2500000,0x00000000f7700000)
 ParOldGen       total 291328K, used 201802K [0x00000000a0000000, 0x00000000b1c80000, 0x00000000e0000000)
  object space 291328K, 69% used [0x00000000a0000000,0x00000000ac512a28,0x00000000b1c80000)
 Metaspace       used 77531K, capacity 80380K, committed 80640K, reserved 1120256K
  class space    used 10017K, capacity 10642K, committed 10752K, reserved 1048576K
}
Event: 616.455 GC heap before
{Heap before GC invocations=29 (full 4):
 PSYoungGen      total 356864K, used 356843K [0x00000000e0000000, 0x0000000100000000, 0x0000000100000000)
  eden space 300032K, 100% used [0x00000000e0000000,0x00000000f2500000,0x00000000f2500000)
  from space 56832K, 99% used [0x00000000f7700000,0x00000000fae7af40,0x00000000fae80000)
  to   space 83968K, 0% used [0x00000000f2500000,0x00000000f2500000,0x00000000f7700000)
 ParOldGen       total 291328K, used 201802K [0x00000000a0000000, 0x00000000b1c80000, 0x00000000e0000000)
  object space 291328K, 69% used [0x00000000a0000000,0x00000000ac512a28,0x00000000b1c80000)
 Metaspace       used 77555K, capacity 80450K, committed 80640K, reserved 1120256K
  class space    used 10018K, capacity 10643K, committed 10752K, reserved 1048576K
Event: 616.519 GC heap after
Heap after GC invocations=29 (full 4):
 PSYoungGen      total 384000K, used 30152K [0x00000000e0000000, 0x00000000ff300000, 0x0000000100000000)
  eden space 300032K, 0% used [0x00000000e0000000,0x00000000e0000000,0x00000000f2500000)
  from space 83968K, 35% used [0x00000000f2500000,0x00000000f42723b0,0x00000000f7700000)
  to   space 79360K, 0% used [0x00000000fa580000,0x00000000fa580000,0x00000000ff300000)
 ParOldGen       total 291328K, used 215872K [0x00000000a0000000, 0x00000000b1c80000, 0x00000000e0000000)
  object space 291328K, 74% used [0x00000000a0000000,0x00000000ad2d0298,0x00000000b1c80000)
 Metaspace       used 77555K, capacity 80450K, committed 80640K, reserved 1120256K
  class space    used 10018K, capacity 10643K, committed 10752K, reserved 1048576K
}

