# JRE version: OpenJDK Runtime Environment (8.0_152-b01) (build 1.8.0_152-release-1343-b01)
# Java VM: OpenJDK 64-Bit Server VM (25.152-b01 mixed mode windows-amd64 compressed oops)
Heap:
 PSYoungGen      total 307712K, used 136941K [0x00000000e0000000, 0x00000000fb300000, 0x0000000100000000)
  eden space 214528K, 63% used [0x00000000e0000000,0x00000000e85bb4b8,0x00000000ed180000)
  from space 93184K, 0% used [0x00000000f3a80000,0x00000000f3a80000,0x00000000f9580000)
  to   space 107520K, 0% used [0x00000000ed180000,0x00000000ed180000,0x00000000f3a80000)
 ParOldGen       total 264704K, used 75022K [0x00000000a0000000, 0x00000000b0280000, 0x00000000e0000000)
  object space 264704K, 28% used [0x00000000a0000000,0x00000000a49438a8,0x00000000b0280000)
 Metaspace       used 105642K, capacity 109752K, committed 110680K, reserved 1144832K
  class space    used 13285K, capacity 14185K, committed 14464K, reserved 1048576K
GC Heap History (10 events):
Event: 5134.032 GC heap before
{Heap before GC invocations=33 (full 4):
 PSYoungGen      total 256512K, used 256509K [0x00000000e0000000, 0x00000000f7d80000, 0x0000000100000000)
  eden space 193536K, 100% used [0x00000000e0000000,0x00000000ebd00000,0x00000000ebd00000)
  from space 62976K, 99% used [0x00000000f0d80000,0x00000000f4aff6e8,0x00000000f4b00000)
  to   space 82432K, 0% used [0x00000000ebd00000,0x00000000ebd00000,0x00000000f0d80000)
 ParOldGen       total 208896K, used 111402K [0x00000000a0000000, 0x00000000acc00000, 0x00000000e0000000)
  object space 208896K, 53% used [0x00000000a0000000,0x00000000a6ccaa58,0x00000000acc00000)
 Metaspace       used 105378K, capacity 109604K, committed 110168K, reserved 1144832K
  class space    used 13405K, capacity 14315K, committed 14464K, reserved 1048576K
Event: 5134.195 GC heap after
Heap after GC invocations=33 (full 4):
 PSYoungGen      total 275968K, used 74237K [0x00000000e0000000, 0x00000000f9580000, 0x0000000100000000)
  eden space 193536K, 0% used [0x00000000e0000000,0x00000000e0000000,0x00000000ebd00000)
  from space 82432K, 90% used [0x00000000ebd00000,0x00000000f057f4b8,0x00000000f0d80000)
  to   space 93184K, 0% used [0x00000000f3a80000,0x00000000f3a80000,0x00000000f9580000)
 ParOldGen       total 208896K, used 111410K [0x00000000a0000000, 0x00000000acc00000, 0x00000000e0000000)
  object space 208896K, 53% used [0x00000000a0000000,0x00000000a6ccca58,0x00000000acc00000)
 Metaspace       used 105378K, capacity 109604K, committed 110168K, reserved 1144832K
  class space    used 13405K, capacity 14315K, committed 14464K, reserved 1048576K
}
Event: 5139.257 GC heap before
{Heap before GC invocations=34 (full 4):
 PSYoungGen      total 275968K, used 267773K [0x00000000e0000000, 0x00000000f9580000, 0x0000000100000000)
  eden space 193536K, 100% used [0x00000000e0000000,0x00000000ebd00000,0x00000000ebd00000)
  from space 82432K, 90% used [0x00000000ebd00000,0x00000000f057f4b8,0x00000000f0d80000)
  to   space 93184K, 0% used [0x00000000f3a80000,0x00000000f3a80000,0x00000000f9580000)
 ParOldGen       total 208896K, used 111410K [0x00000000a0000000, 0x00000000acc00000, 0x00000000e0000000)
  object space 208896K, 53% used [0x00000000a0000000,0x00000000a6ccca58,0x00000000acc00000)
 Metaspace       used 105904K, capacity 110022K, committed 110424K, reserved 1144832K
  class space    used 13414K, capacity 14330K, committed 14464K, reserved 1048576K
Event: 5139.421 GC heap after
Heap after GC invocations=34 (full 4):
 PSYoungGen      total 307712K, used 89808K [0x00000000e0000000, 0x00000000fb300000, 0x0000000100000000)
  eden space 214528K, 0% used [0x00000000e0000000,0x00000000e0000000,0x00000000ed180000)
  from space 93184K, 96% used [0x00000000f3a80000,0x00000000f92343e0,0x00000000f9580000)
  to   space 107520K, 0% used [0x00000000ed180000,0x00000000ed180000,0x00000000f3a80000)
 ParOldGen       total 208896K, used 111410K [0x00000000a0000000, 0x00000000acc00000, 0x00000000e0000000)
  object space 208896K, 53% used [0x00000000a0000000,0x00000000a6ccca58,0x00000000acc00000)
 Metaspace       used 105904K, capacity 110022K, committed 110424K, reserved 1144832K
  class space    used 13414K, capacity 14330K, committed 14464K, reserved 1048576K
}
Event: 5141.939 GC heap before
{Heap before GC invocations=35 (full 4):
 PSYoungGen      total 307712K, used 304336K [0x00000000e0000000, 0x00000000fb300000, 0x0000000100000000)
  eden space 214528K, 100% used [0x00000000e0000000,0x00000000ed180000,0x00000000ed180000)
  from space 93184K, 96% used [0x00000000f3a80000,0x00000000f92343e0,0x00000000f9580000)
  to   space 107520K, 0% used [0x00000000ed180000,0x00000000ed180000,0x00000000f3a80000)
 ParOldGen       total 208896K, used 111410K [0x00000000a0000000, 0x00000000acc00000, 0x00000000e0000000)
  object space 208896K, 53% used [0x00000000a0000000,0x00000000a6ccca58,0x00000000acc00000)
 Metaspace       used 105929K, capacity 110026K, committed 110424K, reserved 1144832K
  class space    used 13415K, capacity 14330K, committed 14464K, reserved 1048576K
Event: 5142.324 GC heap after
Heap after GC invocations=35 (full 4):
 PSYoungGen      total 322048K, used 107504K [0x00000000e0000000, 0x00000000fb300000, 0x0000000100000000)
  eden space 214528K, 0% used [0x00000000e0000000,0x00000000e0000000,0x00000000ed180000)
  from space 107520K, 99% used [0x00000000ed180000,0x00000000f3a7c168,0x00000000f3a80000)
  to   space 93184K, 0% used [0x00000000f3a80000,0x00000000f3a80000,0x00000000f9580000)
 ParOldGen       total 208896K, used 160831K [0x00000000a0000000, 0x00000000acc00000, 0x00000000e0000000)
  object space 208896K, 76% used [0x00000000a0000000,0x00000000a9d0fde8,0x00000000acc00000)
 Metaspace       used 105929K, capacity 110026K, committed 110424K, reserved 1144832K
  class space    used 13415K, capacity 14330K, committed 14464K, reserved 1048576K
}
Event: 5177.926 GC heap before
{Heap before GC invocations=36 (full 4):
 PSYoungGen      total 322048K, used 322032K [0x00000000e0000000, 0x00000000fb300000, 0x0000000100000000)
  eden space 214528K, 100% used [0x00000000e0000000,0x00000000ed180000,0x00000000ed180000)
  from space 107520K, 99% used [0x00000000ed180000,0x00000000f3a7c168,0x00000000f3a80000)
  to   space 93184K, 0% used [0x00000000f3a80000,0x00000000f3a80000,0x00000000f9580000)
 ParOldGen       total 208896K, used 160831K [0x00000000a0000000, 0x00000000acc00000, 0x00000000e0000000)
  object space 208896K, 76% used [0x00000000a0000000,0x00000000a9d0fde8,0x00000000acc00000)
 Metaspace       used 106042K, capacity 110254K, committed 110680K, reserved 1144832K
  class space    used 13424K, capacity 14346K, committed 14464K, reserved 1048576K
Event: 5178.249 GC heap after
Heap after GC invocations=36 (full 4):
 PSYoungGen      total 307712K, used 72014K [0x00000000e0000000, 0x00000000fb300000, 0x0000000100000000)
  eden space 214528K, 0% used [0x00000000e0000000,0x00000000e0000000,0x00000000ed180000)
  from space 93184K, 77% used [0x00000000f3a80000,0x00000000f80d3898,0x00000000f9580000)
  to   space 107520K, 0% used [0x00000000ed180000,0x00000000ed180000,0x00000000f3a80000)
 ParOldGen       total 208896K, used 199736K [0x00000000a0000000, 0x00000000acc00000, 0x00000000e0000000)
  object space 208896K, 95% used [0x00000000a0000000,0x00000000ac30e100,0x00000000acc00000)
 Metaspace       used 106042K, capacity 110254K, committed 110680K, reserved 1144832K
  class space    used 13424K, capacity 14346K, committed 14464K, reserved 1048576K
}
Event: 5178.249 GC heap before
{Heap before GC invocations=37 (full 5):
 PSYoungGen      total 307712K, used 72014K [0x00000000e0000000, 0x00000000fb300000, 0x0000000100000000)
  eden space 214528K, 0% used [0x00000000e0000000,0x00000000e0000000,0x00000000ed180000)
  from space 93184K, 77% used [0x00000000f3a80000,0x00000000f80d3898,0x00000000f9580000)
  to   space 107520K, 0% used [0x00000000ed180000,0x00000000ed180000,0x00000000f3a80000)
 ParOldGen       total 208896K, used 199736K [0x00000000a0000000, 0x00000000acc00000, 0x00000000e0000000)
  object space 208896K, 95% used [0x00000000a0000000,0x00000000ac30e100,0x00000000acc00000)
 Metaspace       used 106042K, capacity 110254K, committed 110680K, reserved 1144832K
  class space    used 13424K, capacity 14346K, committed 14464K, reserved 1048576K
Event: 5178.548 GC heap after
Heap after GC invocations=37 (full 5):
 PSYoungGen      total 307712K, used 0K [0x00000000e0000000, 0x00000000fb300000, 0x0000000100000000)
  eden space 214528K, 0% used [0x00000000e0000000,0x00000000e0000000,0x00000000ed180000)
  from space 93184K, 0% used [0x00000000f3a80000,0x00000000f3a80000,0x00000000f9580000)
  to   space 107520K, 0% used [0x00000000ed180000,0x00000000ed180000,0x00000000f3a80000)
 ParOldGen       total 264704K, used 75022K [0x00000000a0000000, 0x00000000b0280000, 0x00000000e0000000)
  object space 264704K, 28% used [0x00000000a0000000,0x00000000a49438a8,0x00000000b0280000)
 Metaspace       used 105386K, capacity 109456K, committed 110680K, reserved 1144832K
  class space    used 13282K, capacity 14179K, committed 14464K, reserved 1048576K
}

